#
# There is insufficient memory for the Java Runtime Environment to continue.
# Native memory allocation (mmap) failed to map 65011712 bytes. Error detail: G1 virtual space
# Possible reasons:
#   The system is out of physical RAM or swap space
#   This process is running with CompressedOops enabled, and the Java Heap may be blocking the growth of the native heap
# Possible solutions:
#   Reduce memory load on the system
#   Increase physical memory or swap space
#   Check if swap backing store is full
#   Decrease Java heap size (-Xmx/-Xms)
#   Decrease number of Java threads
#   Decrease Java thread stack sizes (-Xss)
#   Set larger code cache with -XX:ReservedCodeCacheSize=
#   JVM is running with Unscaled Compressed Oops mode in which the Java heap is
#     placed in the first 4GB address space. The Java Heap base address is the
#     maximum limit for the native heap growth. Please use -XX:HeapBaseMinAddress
#     to set the Java Heap base and to place the Java Heap above 4GB virtual address.
# This output file may be truncated or incomplete.
#
#  Out of Memory Error (os_windows.cpp:3631), pid=1256, tid=9496
#
# JRE version:  (22.0.2+9) (build )
# Java VM: Java HotSpot(TM) 64-Bit Server VM (22.0.2+9-70, mixed mode, sharing, tiered, compressed oops, compressed class ptrs, g1 gc, windows-amd64)
# No core dump will be written. Minidumps are not enabled by default on client versions of Windows
#

---------------  S U M M A R Y ------------

Command Line: -XX:+ShowCodeDetailsInExceptionMessages findFloorAndCeil

Host: Intel(R) Core(TM) i3-3120M CPU @ 2.50GHz, 4 cores, 3G,  Windows 10 , 64 bit Build 19041 (10.0.19041.2788)
Time: Sun Dec  1 13:28:22 2024 India Standard Time elapsed time: 0.101537 seconds (0d 0h 0m 0s)

---------------  T H R E A D  ---------------

Current thread (0x00000236b66fa320):  JavaThread "Unknown thread" [_thread_in_vm, id=9496, stack(0x000000bbeb200000,0x000000bbeb300000) (1024K)]

Stack: [0x000000bbeb200000,0x000000bbeb300000]
Native frames: (J=compiled Java code, j=interpreted, Vv=VM code, C=native code)
V  [jvm.dll+0x6e26e9]  (no source info available)
V  [jvm.dll+0x875753]  (no source info available)
V  [jvm.dll+0x877b7e]  (no source info available)
V  [jvm.dll+0x878253]  (no source info available)
V  [jvm.dll+0x27fc86]  (no source info available)
V  [jvm.dll+0x6ded85]  (no source info available)
V  [jvm.dll+0x6d388a]  (no source info available)
V  [jvm.dll+0x358b8a]  (no source info available)
V  [jvm.dll+0x3610b6]  (no source info available)
V  [jvm.dll+0x3b419e]  (no source info available)
V  [jvm.dll+0x3b4448]  (no source info available)
V  [jvm.dll+0x32c5ec]  (no source info available)
V  [jvm.dll+0x32d258]  (no source info available)
V  [jvm.dll+0x83d5ac]  (no source info available)
V  [jvm.dll+0x3c10d1]  (no source info available)
V  [jvm.dll+0x8264cc]  (no source info available)
V  [jvm.dll+0x45bd5e]  (no source info available)
V  [jvm.dll+0x45dbe1]  (no source info available)
C  [jli.dll+0x52a3]  (no source info available)
C  [ucrtbase.dll+0x21bb2]  (no source info available)
C  [KERNEL32.DLL+0x17604]  (no source info available)
C  [ntdll.dll+0x526a1]  (no source info available)


---------------  P R O C E S S  ---------------

Threads class SMR info:
_java_thread_list=0x00007ff8e166c1c8, length=0, elements={
}

Java Threads: ( => current thread )
Total: 0

Other Threads:
  0x00000236b881ebb0 WorkerThread "GC Thread#0"                     [id=444, stack(0x000000bbeb300000,0x000000bbeb400000) (1024K)]
  0x00000236b88277d0 ConcurrentGCThread "G1 Main Marker"            [id=6256, stack(0x000000bbeb400000,0x000000bbeb500000) (1024K)]
  0x00000236b8828a80 WorkerThread "G1 Conc#0"                       [id=9392, stack(0x000000bbeb500000,0x000000bbeb600000) (1024K)]

[error occurred during error reporting (printing all threads), id 0xc0000005, EXCEPTION_ACCESS_VIOLATION (0xc0000005) at pc=0x00007ff8e0dbf517]
VM state: not at safepoint (not fully initialized)

VM Mutex/Monitor currently owned by a thread:  ([mutex/lock_event])
[0x00007ff8e16ecc80] Heap_lock - owner thread: 0x00000236b66fa320

Heap address: 0x00000000c2c00000, size: 980 MB, Compressed Oops mode: 32-bit

CDS archive(s) mapped at: [0x0000000000000000-0x0000000000000000-0x0000000000000000), size 0, SharedBaseAddress: 0x0000000800000000, ArchiveRelocationMode: 1.
Narrow klass base: 0x0000000000000000, Narrow klass shift: 0, Narrow klass range: 0x0

GC Precious Log:
 CardTable entry size: 512
 Card Set container configuration: InlinePtr #cards 5 size 8 Array Of Cards #cards 12 size 40 Howl #buckets 4 coarsen threshold 1843 Howl Bitmap #cards 512 size 80 coarsen threshold 460 Card regions per heap region 1 cards per card region 2048

Heap:
 garbage-first heap   total reserved 1003520K, committed 0K, used 0K [0x00000000c2c00000, 0x0000000100000000)
  region size 1024K, 0 young (0K), 0 survivors (0K)

[error occurred during error reporting (printing heap information), id 0xc0000005, EXCEPTION_ACCESS_VIOLATION (0xc0000005) at pc=0x00007ff8e11be869]
GC Heap History (0 events):
No events

Dll operation events (1 events):
Event: 0.016 Loaded shared library C:\Program Files\Java\jdk-22\bin\java.dll

Deoptimization events (0 events):
No events

Classes loaded (0 events):
No events

Classes unloaded (0 events):
No events

Classes redefined (0 events):
No events

Internal exceptions (0 events):
No events

ZGC Phase Switch (0 events):
No events

VM Operations (0 events):
No events

Memory protections (0 events):
No events

Nmethod flushes (0 events):
No events

Events (0 events):
No events


Dynamic libraries:
0x00007ff6824e0000 - 0x00007ff6824f0000 	C:\Program Files\Java\jdk-22\bin\java.exe
0x00007ff91b810000 - 0x00007ff91ba08000 	C:\WINDOWS\SYSTEM32\ntdll.dll
0x00007ff91ae90000 - 0x00007ff91af4f000 	C:\WINDOWS\System32\KERNEL32.DLL
0x00007ff918f20000 - 0x00007ff9191fa000 	C:\WINDOWS\System32\KERNELBASE.dll
0x00007ff919690000 - 0x00007ff919790000 	C:\WINDOWS\System32\ucrtbase.dll
0x00007ff9141d0000 - 0x00007ff9141eb000 	C:\Program Files\Java\jdk-22\bin\VCRUNTIME140.dll
0x00007ff9149a0000 - 0x00007ff9149b7000 	C:\Program Files\Java\jdk-22\bin\jli.dll
0x00007ff91b160000 - 0x00007ff91b2fd000 	C:\WINDOWS\System32\USER32.dll
0x00007ff919410000 - 0x00007ff919432000 	C:\WINDOWS\System32\win32u.dll
0x00007ff906ee0000 - 0x00007ff90717a000 	C:\WINDOWS\WinSxS\amd64_microsoft.windows.common-controls_6595b64144ccf1df_6.0.19041.1110_none_60b5254171f9507e\COMCTL32.dll
0x00007ff91ad20000 - 0x00007ff91ad4b000 	C:\WINDOWS\System32\GDI32.dll
0x00007ff91ac80000 - 0x00007ff91ad1e000 	C:\WINDOWS\System32\msvcrt.dll
0x00007ff919580000 - 0x00007ff919690000 	C:\WINDOWS\System32\gdi32full.dll
0x00007ff919440000 - 0x00007ff9194dd000 	C:\WINDOWS\System32\msvcp_win.dll
0x00007ff91a020000 - 0x00007ff91a050000 	C:\WINDOWS\System32\IMM32.DLL
0x00007ff914a00000 - 0x00007ff914a0c000 	C:\Program Files\Java\jdk-22\bin\vcruntime140_1.dll
0x00007ff90a850000 - 0x00007ff90a8de000 	C:\Program Files\Java\jdk-22\bin\msvcp140.dll
0x00007ff8e0a80000 - 0x00007ff8e17c9000 	C:\Program Files\Java\jdk-22\bin\server\jvm.dll
0x00007ff919a50000 - 0x00007ff919afe000 	C:\WINDOWS\System32\ADVAPI32.dll
0x00007ff9198e0000 - 0x00007ff91997c000 	C:\WINDOWS\System32\sechost.dll
0x00007ff919e60000 - 0x00007ff919f84000 	C:\WINDOWS\System32\RPCRT4.dll
0x00007ff919fb0000 - 0x00007ff91a01b000 	C:\WINDOWS\System32\WS2_32.dll
0x00007ff918d90000 - 0x00007ff918ddb000 	C:\WINDOWS\SYSTEM32\POWRPROF.dll
0x00007ff90a330000 - 0x00007ff90a33a000 	C:\WINDOWS\SYSTEM32\VERSION.dll
0x00007ff906b50000 - 0x00007ff906b77000 	C:\WINDOWS\SYSTEM32\WINMM.dll
0x00007ff918d70000 - 0x00007ff918d82000 	C:\WINDOWS\SYSTEM32\UMPDC.dll
0x00007ff916de0000 - 0x00007ff916df2000 	C:\WINDOWS\SYSTEM32\kernel.appcore.dll
0x00007ff914200000 - 0x00007ff91420a000 	C:\Program Files\Java\jdk-22\bin\jimage.dll
0x00007ff908cf0000 - 0x00007ff908ed4000 	C:\WINDOWS\SYSTEM32\DBGHELP.DLL
0x00007ff909960000 - 0x00007ff909994000 	C:\WINDOWS\SYSTEM32\dbgcore.DLL
0x00007ff9197e0000 - 0x00007ff919862000 	C:\WINDOWS\System32\bcryptPrimitives.dll
0x00007ff9141b0000 - 0x00007ff9141ce000 	C:\Program Files\Java\jdk-22\bin\java.dll
0x00007ff91a490000 - 0x00007ff91abd4000 	C:\WINDOWS\System32\SHELL32.dll
0x00007ff91ad50000 - 0x00007ff91ae7a000 	C:\WINDOWS\System32\ole32.dll
0x00007ff919b00000 - 0x00007ff919e54000 	C:\WINDOWS\System32\combase.dll

dbghelp: loaded successfully - version: 4.0.5 - missing functions: none
symbol engine: initialized successfully - sym options: 0x614 - pdb path: .;C:\Program Files\Java\jdk-22\bin;C:\WINDOWS\SYSTEM32;C:\WINDOWS\WinSxS\amd64_microsoft.windows.common-controls_6595b64144ccf1df_6.0.19041.1110_none_60b5254171f9507e;C:\Program Files\Java\jdk-22\bin\server

VM Arguments:
jvm_args: -XX:+ShowCodeDetailsInExceptionMessages 
java_command: findFloorAndCeil
java_class_path (initial): C:\Users\mhdsa\AppData\Roaming\Code\User\workspaceStorage\d423d4beaddc3538a08988b4a3b7cf82\redhat.java\jdt_ws\Binary Search_8dda31d9\bin
Launcher Type: SUN_STANDARD

[Global flags]
     intx CICompilerCount                          = 3                                         {product} {ergonomic}
     uint ConcGCThreads                            = 1                                         {product} {ergonomic}
     uint G1ConcRefinementThreads                  = 4                                         {product} {ergonomic}
   size_t G1HeapRegionSize                         = 1048576                                   {product} {ergonomic}
   size_t InitialHeapSize                          = 65011712                                  {product} {ergonomic}
   size_t MarkStackSize                            = 4194304                                   {product} {ergonomic}
   size_t MaxHeapSize                              = 1027604480                                {product} {ergonomic}
   size_t MinHeapDeltaBytes                        = 1048576                                   {product} {ergonomic}
   size_t MinHeapSize                              = 8388608                                   {product} {ergonomic}
    uintx NonNMethodCodeHeapSize                   = 5832780                                {pd product} {ergonomic}
    uintx NonProfiledCodeHeapSize                  = 122912730                              {pd product} {ergonomic}
    uintx ProfiledCodeHeapSize                     = 122912730                              {pd product} {ergonomic}
    uintx ReservedCodeCacheSize                    = 251658240                              {pd product} {ergonomic}
     bool SegmentedCodeCache                       = true                                      {product} {ergonomic}
     bool ShowCodeDetailsInExceptionMessages       = true                                   {manageable} {command line}
   size_t SoftMaxHeapSize                          = 1027604480                             {manageable} {ergonomic}
     bool UseCompressedOops                        = true                           {product lp64_product} {ergonomic}
     bool UseG1GC                                  = true                                      {product} {ergonomic}
     bool UseLargePagesIndividualAllocation        = false                                  {pd product} {ergonomic}

Logging:
Log output configuration:
 #0: stdout all=warning uptime,level,tags foldmultilines=false
 #1: stderr all=off uptime,level,tags foldmultilines=false

Environment Variables:
PATH=C:\Program Files\Common Files\Oracle\Java\javapath;C:\WINDOWS\system32;C:\WINDOWS;C:\WINDOWS\System32\Wbem;C:\WINDOWS\System32\WindowsPowerShell\v1.0\;C:\WINDOWS\System32\OpenSSH\;C:\Users\mhdsa\AppData\Local\Microsoft\WindowsApps;C:\adb;C:\WINDOWS\system32;C:\WINDOWS;C:\WINDOWS\System32\Wbem;C:\WINDOWS\System32\WindowsPowerShell\v1.0\;C:\WINDOWS\System32\OpenSSH\;C:\Program Files\Git\cmd;C:\Users\mhdsa\AppData\Local\Microsoft\WindowsApps;C:\Users\mhdsa\AppData\Local\Programs\oh-my-posh\bin;C:\Users\mhdsa\AppData\Local\Programs\Microsoft VS Code\bin
USERNAME=mhdsa
LANG=en_US.UTF-8
OS=Windows_NT
PROCESSOR_IDENTIFIER=Intel64 Family 6 Model 58 Stepping 9, GenuineIntel
TMP=C:\Users\mhdsa\AppData\Local\Temp
TEMP=C:\Users\mhdsa\AppData\Local\Temp




Periodic native trim disabled

---------------  S Y S T E M  ---------------

OS:
 Windows 10 , 64 bit Build 19041 (10.0.19041.2788)
OS uptime: 0 days 5:09 hours

CPU: total 4 (initial active 4) (2 cores per cpu, 2 threads per core) family 6 model 58 stepping 9 microcode 0x21, cx8, cmov, fxsr, ht, mmx, sse, sse2, sse3, ssse3, sse4.1, sse4.2, popcnt, tsc, tscinvbit, avx, erms, clmul, vzeroupper, clflush, rdtscp, f16c
Processor Information for all 4 processors :
  Max Mhz: 2500, Current Mhz: 2500, Mhz Limit: 2500

Memory: 4k page, system-wide physical 3914M (467M free)
TotalPageFile size 5555M (AvailPageFile size 23M)
current process WorkingSet (physical memory assigned to process): 11M, peak: 11M
current process commit charge ("private bytes"): 52M, peak: 114M

vm_info: Java HotSpot(TM) 64-Bit Server VM (22.0.2+9-70) for windows-amd64 JRE (22.0.2+9-70), built on 2024-06-04T16:52:23Z by "mach5one" with MS VC++ 17.6 (VS2022)

END.
